$BBXDR,P,65157.00,P,PRES_BME680*6F
$BBXDR,H,100.00,P,HUMI_BME680*7B
$BBXDR,H,0.00,,GASR_BME680*34
$BBXDR,H,15.60,P,HUMI_DHT12*67
$BBXDR,C,21.90,C,TEMP_DHT12*62
$BBXDR,D,0.0000,M,RANGE_VL53L0X*61
$BBXDR,X,48.0,L,ILLU*54
$BBXDR,X,0.0281,S,TDS*13
$BBXDR,U,0.000,V,VOLT_1*0C
$BBXDR,S,1,,PIR_MOTION*26
$BBXDR,D,0.0000,M,RANGE_VL53L0X*61
$BBXDR,S,1,,PIR_MOTION*26
$BBXDR,X,48.0,L,ILLU*54
$BBXDR,X,0.0281,S,TDS*13
$BBXDR,U,-0.001,V,VOLT_1*20
$BBXDR,S,1,,PIR_MOTION*26
$BBXDR,S,1,,PIR_MOTION*26
$BBXDR,C,21.89,C,TEMP_BMP280*54
$BBXDR,P,70354.00,P,PRES_BMP280*7B
$BBXDR,S,1,,PIR_MOTION*26
$BBXDR,D,0.0000,M,RANGE_VL53L0X*61
$BBXDR,S,1,,PIR_MOTION*26
$BBXDR,X,48.0,L,ILLU*54
$BBXDR,C,34.03,C,TEMP_BME680*43
$BBXDR,P,65157.00,P,PRES_BME680*6F
$BBXDR,H,100.00,P,HUMI_BME680*7B
$BBXDR,H,0.00,,GASR_BME680*34
$BBXDR,H,15.50,P,HUMI_DHT12*64
$BBXDR,C,21.80,C,TEMP_DHT12*63
$BBXDR,X,0.0281,S,TDS*13
$BBXDR,U,0.000,V,VOLT_1*0C
$BBXDR,S,1,,PIR_MOTION*26
